<?xml version="1.0" encoding="UTF-8"?>
<!-- Generated by org.testng.reporters.JUnitReportReporter -->
<testsuite hostname="LTIN509630" failures="0" tests="3" name="cucumber.testRunner.TestRunner" time="64.983" errors="0" timestamp="2024-11-08T10:06:31 IST" skipped="0">
  <testcase classname="cucumber.testRunner.TestRunner" name="runScenario" time="22.412"/>
  <system-out/>
  <testcase classname="cucumber.testRunner.TestRunner" name="runScenario" time="19.272"/>
  <system-out/>
  <testcase classname="cucumber.testRunner.TestRunner" name="runScenario" time="23.299"/>
  <system-out/>
</testsuite> <!-- cucumber.testRunner.TestRunner -->
