<?xml version="1.0" encoding="UTF-8"?>
<!-- Generated by org.testng.reporters.JUnitReportReporter -->
<testsuite hostname="LTIN509630" failures="0" tests="3" name="cucumber.testRunner.TestRunner" time="62.608" errors="0" timestamp="2024-11-08T12:01:03 IST" skipped="0">
  <testcase classname="cucumber.testRunner.TestRunner" name="runScenario" time="20.320"/>
  <system-out/>
  <testcase classname="cucumber.testRunner.TestRunner" name="runScenario" time="21.323"/>
  <system-out/>
  <testcase classname="cucumber.testRunner.TestRunner" name="runScenario" time="20.965"/>
  <system-out/>
</testsuite> <!-- cucumber.testRunner.TestRunner -->
